Using pre-set license
Built from '2020.3/staging' branch; Version is '2020.3.26f1 (7298b473bc1a) revision 7510196'; Using compiler version '192528614'; Build Type 'Release'
OS: 'Windows 10  (10.0.19044) 64bit Core' Language: 'es' Physical Memory: 16230 MB
BatchMode: 1, IsHumanControllingUs: 0, StartBugReporterOnCrash: 0, Is64bit: 1, IsPro: 0

COMMAND LINE ARGUMENTS:
D:\Unity\2020.3.26f1\Editor\Unity.exe
-adb2
-batchMode
-noUpm
-name
AssetImportWorker0
-projectPath
D:/Github/Songsilk-GameJam/Songsilk GameJam
-logFile
Logs/AssetImportWorker0.log
-srvPort
51448
Successfully changed project path to: D:/Github/Songsilk-GameJam/Songsilk GameJam
D:/Github/Songsilk-GameJam/Songsilk GameJam
Using Asset Import Pipeline V2.
Refreshing native plugins compatible for Editor in 32.82 ms, found 2 plugins.
Preloading 0 native plugins for Editor in 0.00 ms.
Initialize engine version: 2020.3.26f1 (7298b473bc1a)
[Subsystems] Discovering subsystems at path D:/Unity/2020.3.26f1/Editor/Data/Resources/UnitySubsystems
[Subsystems] Discovering subsystems at path D:/Github/Songsilk-GameJam/Songsilk GameJam/Assets
GfxDevice: creating device client; threaded=0
Direct3D:
    Version:  Direct3D 11.0 [level 11.1]
    Renderer: NVIDIA GeForce GTX 1060 (ID=0x1c20)
    Vendor:   
    VRAM:     6052 MB
    Driver:   27.21.14.6192
Initialize mono
Mono path[0] = 'D:/Unity/2020.3.26f1/Editor/Data/Managed'
Mono path[1] = 'D:/Unity/2020.3.26f1/Editor/Data/MonoBleedingEdge/lib/mono/unityjit'
Mono config path = 'D:/Unity/2020.3.26f1/Editor/Data/MonoBleedingEdge/etc'
Using monoOptions --debugger-agent=transport=dt_socket,embedding=1,server=y,suspend=n,address=127.0.0.1:56436
Begin MonoManager ReloadAssembly
Registering precompiled unity dll's ...
Register platform support module: D:/Unity/2020.3.26f1/Editor/Data/PlaybackEngines/WindowsStandaloneSupport/UnityEditor.WindowsStandalone.Extensions.dll
Registered in 0.001216 seconds.
Native extension for WindowsStandalone target not found
Refreshing native plugins compatible for Editor in 38.60 ms, found 2 plugins.
Preloading 0 native plugins for Editor in 0.00 ms.
Mono: successfully reloaded assembly
- Completed reload, in  0.657 seconds
Domain Reload Profiling:
	ReloadAssembly (657ms)
		BeginReloadAssembly (67ms)
			ExecutionOrderSort (0ms)
			DisableScriptedObjects (0ms)
			BackupInstance (0ms)
			ReleaseScriptingObjects (0ms)
			CreateAndSetChildDomain (1ms)
		EndReloadAssembly (519ms)
			LoadAssemblies (66ms)
			RebuildTransferFunctionScriptingTraits (0ms)
			SetupTypeCache (145ms)
			ReleaseScriptCaches (0ms)
			RebuildScriptCaches (34ms)
			SetupLoadedEditorAssemblies (245ms)
				LogAssemblyErrors (0ms)
				InitializePlatformSupportModulesInManaged (4ms)
				SetLoadedEditorAssemblies (0ms)
				RefreshPlugins (39ms)
				BeforeProcessingInitializeOnLoad (27ms)
				ProcessInitializeOnLoadAttributes (130ms)
				ProcessInitializeOnLoadMethodAttributes (44ms)
				AfterProcessingInitializeOnLoad (0ms)
				EditorAssembliesLoaded (0ms)
			ExecutionOrderSort2 (0ms)
			AwakeInstancesAfterBackupRestoration (0ms)
Platform modules already initialized, skipping
Registering precompiled user dll's ...
Registered in 0.004979 seconds.
Begin MonoManager ReloadAssembly
Native extension for WindowsStandalone target not found
Refreshing native plugins compatible for Editor in 0.32 ms, found 2 plugins.
Preloading 0 native plugins for Editor in 0.00 ms.
Mono: successfully reloaded assembly
- Completed reload, in  1.291 seconds
Domain Reload Profiling:
	ReloadAssembly (1292ms)
		BeginReloadAssembly (151ms)
			ExecutionOrderSort (0ms)
			DisableScriptedObjects (5ms)
			BackupInstance (0ms)
			ReleaseScriptingObjects (0ms)
			CreateAndSetChildDomain (19ms)
		EndReloadAssembly (1088ms)
			LoadAssemblies (97ms)
			RebuildTransferFunctionScriptingTraits (0ms)
			SetupTypeCache (307ms)
			ReleaseScriptCaches (1ms)
			RebuildScriptCaches (63ms)
			SetupLoadedEditorAssemblies (506ms)
				LogAssemblyErrors (0ms)
				InitializePlatformSupportModulesInManaged (7ms)
				SetLoadedEditorAssemblies (1ms)
				RefreshPlugins (0ms)
				BeforeProcessingInitializeOnLoad (117ms)
				ProcessInitializeOnLoadAttributes (360ms)
				ProcessInitializeOnLoadMethodAttributes (18ms)
				AfterProcessingInitializeOnLoad (3ms)
				EditorAssembliesLoaded (1ms)
			ExecutionOrderSort2 (0ms)
			AwakeInstancesAfterBackupRestoration (9ms)
Platform modules already initialized, skipping
========================================================================
Worker process is ready to serve import requests
Launched and connected shader compiler UnityShaderCompiler.exe after 0.19 seconds
Refreshing native plugins compatible for Editor in 0.82 ms, found 2 plugins.
Preloading 0 native plugins for Editor in 0.00 ms.
Unloading 1503 Unused Serialized files (Serialized files now loaded: 0)
System memory in use before: 67.5 MB.
System memory in use after: 67.5 MB.

Unloading 19 unused Assets to reduce memory usage. Loaded Objects now: 1935.
Total: 6.257000 ms (FindLiveObjects: 0.352100 ms CreateObjectMapping: 0.094900 ms MarkObjects: 5.473900 ms  DeleteObjects: 0.330100 ms)

AssetImportParameters requested are different than current active one (requested -> active):
  custom:framework-win-MediaFoundation: 216162199b28c13a410421893ffa2e32 -> 
  custom:video-decoder-ogg-theora: a1e56fd34408186e4bbccfd4996cb3dc -> 
  custom:container-muxer-webm: aa71ff27fc2769a1b78a27578f13a17b -> 
  custom:container-demuxer-webm: 4f35f7cbe854078d1ac9338744f61a02 -> 
  custom:container-demuxer-ogg: 62fdf1f143b41e24485cea50d1cbac27 -> 
  custom:video-encoder-webm-vp8: eb34c28f22e8b96e1ab97ce403110664 -> 
  custom:video-codec-MediaFoundation-h265: 746d11721c4dcdbdad8f713fa42b33f4 -> 
  custom:video-decoder-webm-vp8: 9c59270c3fd7afecdb556c50c9e8de78 -> 
  custom:audio-decoder-ogg-vorbis: bf7c407c2cedff20999df2af8eb42d56 -> 
  custom:audio-encoder-webm-vorbis: bf7c407c2cedff20999df2af8eb42d56 -> 
========================================================================
Received Import Request.
  path: Assets
  artifactKey: Guid(00000000000000001000000000000000) Importer(815301076,1909f56bfc062723c751e8b465ee728b)
Start importing Assets using Guid(00000000000000001000000000000000) Importer(815301076,1909f56bfc062723c751e8b465ee728b)  -> (artifact id: '42d402b061de3733987d63b9cc3b64de') in 0.030552 seconds 
  Import took 0.037809 seconds .

========================================================================
Received Import Request.
  Time since last request: 6.226905 seconds.
  path: Assets/Himar
  artifactKey: Guid(1fec9b252f1d0534cb95c192959c41c7) Importer(815301076,1909f56bfc062723c751e8b465ee728b)
Start importing Assets/Himar using Guid(1fec9b252f1d0534cb95c192959c41c7) Importer(815301076,1909f56bfc062723c751e8b465ee728b)  -> (artifact id: '79d8f29ddfc77923f47576a232c8de2e') in 0.009926 seconds 
  Import took 0.013411 seconds .

========================================================================
Received Import Request.
  Time since last request: 4.321688 seconds.
  path: Assets/Marc
  artifactKey: Guid(b182bab426ee69946a905e0ec0e21ecd) Importer(815301076,1909f56bfc062723c751e8b465ee728b)
Start importing Assets/Marc using Guid(b182bab426ee69946a905e0ec0e21ecd) Importer(815301076,1909f56bfc062723c751e8b465ee728b)  -> (artifact id: 'be9774401cb69831b566b22f4e7a77b9') in 0.008335 seconds 
  Import took 0.011655 seconds .

========================================================================
Received Import Request.
  Time since last request: 6.308754 seconds.
  path: Assets/Judith
  artifactKey: Guid(f83b6a0f58310a1439d8a3d590999d97) Importer(815301076,1909f56bfc062723c751e8b465ee728b)
Start importing Assets/Judith using Guid(f83b6a0f58310a1439d8a3d590999d97) Importer(815301076,1909f56bfc062723c751e8b465ee728b)  -> (artifact id: 'a3d9dabfa6eb8da6bea1510409d98e0b') in 0.008544 seconds 
  Import took 0.012266 seconds .

========================================================================
Received Import Request.
  Time since last request: 3.690841 seconds.
  path: Assets/Mario
  artifactKey: Guid(ac5602093a372364bb8c20dde40b2cf9) Importer(815301076,1909f56bfc062723c751e8b465ee728b)
Start importing Assets/Mario using Guid(ac5602093a372364bb8c20dde40b2cf9) Importer(815301076,1909f56bfc062723c751e8b465ee728b)  -> (artifact id: '4ff5e660ccc54962614a246cc8c28645') in 0.008278 seconds 
  Import took 0.010575 seconds .

========================================================================
Received Import Request.
  Time since last request: 33.262409 seconds.
  path: Assets/Oscar
  artifactKey: Guid(35119840c89902246b0267088df0d6e8) Importer(815301076,1909f56bfc062723c751e8b465ee728b)
Start importing Assets/Oscar using Guid(35119840c89902246b0267088df0d6e8) Importer(815301076,1909f56bfc062723c751e8b465ee728b)  -> (artifact id: 'c938b9f9384f58cb88cb7eea2bcf9d53') in 0.008375 seconds 
  Import took 0.010682 seconds .

========================================================================
Received Import Request.
  Time since last request: 1.314438 seconds.
  path: Assets/Scenes
  artifactKey: Guid(eee7b84c240beff4c8209b694a0ae4d5) Importer(815301076,1909f56bfc062723c751e8b465ee728b)
Start importing Assets/Scenes using Guid(eee7b84c240beff4c8209b694a0ae4d5) Importer(815301076,1909f56bfc062723c751e8b465ee728b)  -> (artifact id: 'dce4526a29254a121fddd393fee5d313') in 0.007954 seconds 
  Import took 0.010579 seconds .

========================================================================
Received Import Request.
  Time since last request: 25.734955 seconds.
  path: Assets/Himar/H_Scene.unity
  artifactKey: Guid(8a56c657227a166419b8278ce70d6519) Importer(815301076,1909f56bfc062723c751e8b465ee728b)
Start importing Assets/Himar/H_Scene.unity using Guid(8a56c657227a166419b8278ce70d6519) Importer(815301076,1909f56bfc062723c751e8b465ee728b)  -> (artifact id: '4b1d5d4cc0ebb97c239129c6f8286c5a') in 0.019651 seconds 
  Import took 0.022087 seconds .

AssetImportWorkerClient::OnTransportError - code=2 error=End of file
